<?xml version="1.0" encoding="UTF-8"?>
<testsuite xmlns:xsi="http://www.w3.org/2001/XMLSchema-instance" xsi:noNamespaceSchemaLocation="https://maven.apache.org/surefire/maven-surefire-plugin/xsd/surefire-test-report.xsd" version="3.0.2" name="com.example.demo.DemoApplicationTests" time="1.93" tests="1" errors="0" skipped="0" failures="0">
  <properties>
    <property name="java.specification.version" value="17"/>
    <property name="sun.cpu.isalist" value="amd64"/>
    <property name="sun.jnu.encoding" value="GBK"/>
    <property name="java.class.path" value="C:\Users\15809\Desktop\study_for_test\demo\target\test-classes;C:\Users\15809\Desktop\study_for_test\demo\target\classes;E:\apache-maven-3.9.8\mvn_repo\org\springframework\boot\spring-boot-starter\3.4.4\spring-boot-starter-3.4.4.jar;E:\apache-maven-3.9.8\mvn_repo\org\springframework\boot\spring-boot\3.4.4\spring-boot-3.4.4.jar;E:\apache-maven-3.9.8\mvn_repo\org\springframework\spring-context\6.2.5\spring-context-6.2.5.jar;E:\apache-maven-3.9.8\mvn_repo\org\springframework\spring-aop\6.2.5\spring-aop-6.2.5.jar;E:\apache-maven-3.9.8\mvn_repo\org\springframework\spring-beans\6.2.5\spring-beans-6.2.5.jar;E:\apache-maven-3.9.8\mvn_repo\org\springframework\spring-expression\6.2.5\spring-expression-6.2.5.jar;E:\apache-maven-3.9.8\mvn_repo\io\micrometer\micrometer-observation\1.14.5\micrometer-observation-1.14.5.jar;E:\apache-maven-3.9.8\mvn_repo\io\micrometer\micrometer-commons\1.14.5\micrometer-commons-1.14.5.jar;E:\apache-maven-3.9.8\mvn_repo\org\springframework\boot\spring-boot-autoconfigure\3.4.4\spring-boot-autoconfigure-3.4.4.jar;E:\apache-maven-3.9.8\mvn_repo\org\springframework\boot\spring-boot-starter-logging\3.4.4\spring-boot-starter-logging-3.4.4.jar;E:\apache-maven-3.9.8\mvn_repo\ch\qos\logback\logback-classic\1.5.18\logback-classic-1.5.18.jar;E:\apache-maven-3.9.8\mvn_repo\ch\qos\logback\logback-core\1.5.18\logback-core-1.5.18.jar;E:\apache-maven-3.9.8\mvn_repo\org\apache\logging\log4j\log4j-to-slf4j\2.24.3\log4j-to-slf4j-2.24.3.jar;E:\apache-maven-3.9.8\mvn_repo\org\apache\logging\log4j\log4j-api\2.24.3\log4j-api-2.24.3.jar;E:\apache-maven-3.9.8\mvn_repo\org\slf4j\jul-to-slf4j\2.0.17\jul-to-slf4j-2.0.17.jar;E:\apache-maven-3.9.8\mvn_repo\jakarta\annotation\jakarta.annotation-api\2.1.1\jakarta.annotation-api-2.1.1.jar;E:\apache-maven-3.9.8\mvn_repo\org\springframework\spring-core\6.2.5\spring-core-6.2.5.jar;E:\apache-maven-3.9.8\mvn_repo\org\springframework\spring-jcl\6.2.5\spring-jcl-6.2.5.jar;E:\apache-maven-3.9.8\mvn_repo\org\yaml\snakeyaml\2.3\snakeyaml-2.3.jar;E:\apache-maven-3.9.8\mvn_repo\org\springframework\boot\spring-boot-starter-test\3.4.4\spring-boot-starter-test-3.4.4.jar;E:\apache-maven-3.9.8\mvn_repo\org\springframework\boot\spring-boot-test\3.4.4\spring-boot-test-3.4.4.jar;E:\apache-maven-3.9.8\mvn_repo\org\springframework\boot\spring-boot-test-autoconfigure\3.4.4\spring-boot-test-autoconfigure-3.4.4.jar;E:\apache-maven-3.9.8\mvn_repo\com\jayway\jsonpath\json-path\2.9.0\json-path-2.9.0.jar;E:\apache-maven-3.9.8\mvn_repo\org\slf4j\slf4j-api\2.0.17\slf4j-api-2.0.17.jar;E:\apache-maven-3.9.8\mvn_repo\jakarta\xml\bind\jakarta.xml.bind-api\4.0.2\jakarta.xml.bind-api-4.0.2.jar;E:\apache-maven-3.9.8\mvn_repo\jakarta\activation\jakarta.activation-api\2.1.3\jakarta.activation-api-2.1.3.jar;E:\apache-maven-3.9.8\mvn_repo\net\minidev\json-smart\2.5.2\json-smart-2.5.2.jar;E:\apache-maven-3.9.8\mvn_repo\net\minidev\accessors-smart\2.5.2\accessors-smart-2.5.2.jar;E:\apache-maven-3.9.8\mvn_repo\org\ow2\asm\asm\9.7.1\asm-9.7.1.jar;E:\apache-maven-3.9.8\mvn_repo\org\assertj\assertj-core\3.26.3\assertj-core-3.26.3.jar;E:\apache-maven-3.9.8\mvn_repo\net\bytebuddy\byte-buddy\1.15.11\byte-buddy-1.15.11.jar;E:\apache-maven-3.9.8\mvn_repo\org\awaitility\awaitility\4.2.2\awaitility-4.2.2.jar;E:\apache-maven-3.9.8\mvn_repo\org\hamcrest\hamcrest\2.2\hamcrest-2.2.jar;E:\apache-maven-3.9.8\mvn_repo\org\junit\jupiter\junit-jupiter\5.11.4\junit-jupiter-5.11.4.jar;E:\apache-maven-3.9.8\mvn_repo\org\junit\jupiter\junit-jupiter-api\5.11.4\junit-jupiter-api-5.11.4.jar;E:\apache-maven-3.9.8\mvn_repo\org\opentest4j\opentest4j\1.3.0\opentest4j-1.3.0.jar;E:\apache-maven-3.9.8\mvn_repo\org\junit\platform\junit-platform-commons\1.11.4\junit-platform-commons-1.11.4.jar;E:\apache-maven-3.9.8\mvn_repo\org\apiguardian\apiguardian-api\1.1.2\apiguardian-api-1.1.2.jar;E:\apache-maven-3.9.8\mvn_repo\org\junit\jupiter\junit-jupiter-params\5.11.4\junit-jupiter-params-5.11.4.jar;E:\apache-maven-3.9.8\mvn_repo\org\junit\jupiter\junit-jupiter-engine\5.11.4\junit-jupiter-engine-5.11.4.jar;E:\apache-maven-3.9.8\mvn_repo\org\junit\platform\junit-platform-engine\1.11.4\junit-platform-engine-1.11.4.jar;E:\apache-maven-3.9.8\mvn_repo\org\mockito\mockito-core\5.14.2\mockito-core-5.14.2.jar;E:\apache-maven-3.9.8\mvn_repo\net\bytebuddy\byte-buddy-agent\1.15.11\byte-buddy-agent-1.15.11.jar;E:\apache-maven-3.9.8\mvn_repo\org\objenesis\objenesis\3.3\objenesis-3.3.jar;E:\apache-maven-3.9.8\mvn_repo\org\mockito\mockito-junit-jupiter\5.14.2\mockito-junit-jupiter-5.14.2.jar;E:\apache-maven-3.9.8\mvn_repo\org\skyscreamer\jsonassert\1.5.3\jsonassert-1.5.3.jar;E:\apache-maven-3.9.8\mvn_repo\com\vaadin\external\google\android-json\0.0.20131108.vaadin1\android-json-0.0.20131108.vaadin1.jar;E:\apache-maven-3.9.8\mvn_repo\org\springframework\spring-test\6.2.5\spring-test-6.2.5.jar;E:\apache-maven-3.9.8\mvn_repo\org\xmlunit\xmlunit-core\2.10.0\xmlunit-core-2.10.0.jar;"/>
    <property name="java.vm.vendor" value="Oracle Corporation"/>
    <property name="sun.arch.data.model" value="64"/>
    <property name="user.variant" value=""/>
    <property name="java.vendor.url" value="https://java.oracle.com/"/>
    <property name="user.timezone" value="Asia/Shanghai"/>
    <property name="os.name" value="Windows 10"/>
    <property name="java.vm.specification.version" value="17"/>
    <property name="APPLICATION_NAME" value="demo"/>
    <property name="sun.java.launcher" value="SUN_STANDARD"/>
    <property name="user.country" value="CN"/>
    <property name="sun.boot.library.path" value="E:\jdk17.0.12\bin"/>
    <property name="sun.java.command" value="C:\Users\15809\AppData\Local\Temp\surefire17484055628792372037\surefirebooter-20250328193650449_3.jar C:\Users\15809\AppData\Local\Temp\surefire17484055628792372037 2025-03-28T19-36-50_300-jvmRun1 surefire-20250328193650449_1tmp surefire_0-20250328193650449_2tmp"/>
    <property name="jdk.debug" value="release"/>
    <property name="surefire.test.class.path" value="C:\Users\15809\Desktop\study_for_test\demo\target\test-classes;C:\Users\15809\Desktop\study_for_test\demo\target\classes;E:\apache-maven-3.9.8\mvn_repo\org\springframework\boot\spring-boot-starter\3.4.4\spring-boot-starter-3.4.4.jar;E:\apache-maven-3.9.8\mvn_repo\org\springframework\boot\spring-boot\3.4.4\spring-boot-3.4.4.jar;E:\apache-maven-3.9.8\mvn_repo\org\springframework\spring-context\6.2.5\spring-context-6.2.5.jar;E:\apache-maven-3.9.8\mvn_repo\org\springframework\spring-aop\6.2.5\spring-aop-6.2.5.jar;E:\apache-maven-3.9.8\mvn_repo\org\springframework\spring-beans\6.2.5\spring-beans-6.2.5.jar;E:\apache-maven-3.9.8\mvn_repo\org\springframework\spring-expression\6.2.5\spring-expression-6.2.5.jar;E:\apache-maven-3.9.8\mvn_repo\io\micrometer\micrometer-observation\1.14.5\micrometer-observation-1.14.5.jar;E:\apache-maven-3.9.8\mvn_repo\io\micrometer\micrometer-commons\1.14.5\micrometer-commons-1.14.5.jar;E:\apache-maven-3.9.8\mvn_repo\org\springframework\boot\spring-boot-autoconfigure\3.4.4\spring-boot-autoconfigure-3.4.4.jar;E:\apache-maven-3.9.8\mvn_repo\org\springframework\boot\spring-boot-starter-logging\3.4.4\spring-boot-starter-logging-3.4.4.jar;E:\apache-maven-3.9.8\mvn_repo\ch\qos\logback\logback-classic\1.5.18\logback-classic-1.5.18.jar;E:\apache-maven-3.9.8\mvn_repo\ch\qos\logback\logback-core\1.5.18\logback-core-1.5.18.jar;E:\apache-maven-3.9.8\mvn_repo\org\apache\logging\log4j\log4j-to-slf4j\2.24.3\log4j-to-slf4j-2.24.3.jar;E:\apache-maven-3.9.8\mvn_repo\org\apache\logging\log4j\log4j-api\2.24.3\log4j-api-2.24.3.jar;E:\apache-maven-3.9.8\mvn_repo\org\slf4j\jul-to-slf4j\2.0.17\jul-to-slf4j-2.0.17.jar;E:\apache-maven-3.9.8\mvn_repo\jakarta\annotation\jakarta.annotation-api\2.1.1\jakarta.annotation-api-2.1.1.jar;E:\apache-maven-3.9.8\mvn_repo\org\springframework\spring-core\6.2.5\spring-core-6.2.5.jar;E:\apache-maven-3.9.8\mvn_repo\org\springframework\spring-jcl\6.2.5\spring-jcl-6.2.5.jar;E:\apache-maven-3.9.8\mvn_repo\org\yaml\snakeyaml\2.3\snakeyaml-2.3.jar;E:\apache-maven-3.9.8\mvn_repo\org\springframework\boot\spring-boot-starter-test\3.4.4\spring-boot-starter-test-3.4.4.jar;E:\apache-maven-3.9.8\mvn_repo\org\springframework\boot\spring-boot-test\3.4.4\spring-boot-test-3.4.4.jar;E:\apache-maven-3.9.8\mvn_repo\org\springframework\boot\spring-boot-test-autoconfigure\3.4.4\spring-boot-test-autoconfigure-3.4.4.jar;E:\apache-maven-3.9.8\mvn_repo\com\jayway\jsonpath\json-path\2.9.0\json-path-2.9.0.jar;E:\apache-maven-3.9.8\mvn_repo\org\slf4j\slf4j-api\2.0.17\slf4j-api-2.0.17.jar;E:\apache-maven-3.9.8\mvn_repo\jakarta\xml\bind\jakarta.xml.bind-api\4.0.2\jakarta.xml.bind-api-4.0.2.jar;E:\apache-maven-3.9.8\mvn_repo\jakarta\activation\jakarta.activation-api\2.1.3\jakarta.activation-api-2.1.3.jar;E:\apache-maven-3.9.8\mvn_repo\net\minidev\json-smart\2.5.2\json-smart-2.5.2.jar;E:\apache-maven-3.9.8\mvn_repo\net\minidev\accessors-smart\2.5.2\accessors-smart-2.5.2.jar;E:\apache-maven-3.9.8\mvn_repo\org\ow2\asm\asm\9.7.1\asm-9.7.1.jar;E:\apache-maven-3.9.8\mvn_repo\org\assertj\assertj-core\3.26.3\assertj-core-3.26.3.jar;E:\apache-maven-3.9.8\mvn_repo\net\bytebuddy\byte-buddy\1.15.11\byte-buddy-1.15.11.jar;E:\apache-maven-3.9.8\mvn_repo\org\awaitility\awaitility\4.2.2\awaitility-4.2.2.jar;E:\apache-maven-3.9.8\mvn_repo\org\hamcrest\hamcrest\2.2\hamcrest-2.2.jar;E:\apache-maven-3.9.8\mvn_repo\org\junit\jupiter\junit-jupiter\5.11.4\junit-jupiter-5.11.4.jar;E:\apache-maven-3.9.8\mvn_repo\org\junit\jupiter\junit-jupiter-api\5.11.4\junit-jupiter-api-5.11.4.jar;E:\apache-maven-3.9.8\mvn_repo\org\opentest4j\opentest4j\1.3.0\opentest4j-1.3.0.jar;E:\apache-maven-3.9.8\mvn_repo\org\junit\platform\junit-platform-commons\1.11.4\junit-platform-commons-1.11.4.jar;E:\apache-maven-3.9.8\mvn_repo\org\apiguardian\apiguardian-api\1.1.2\apiguardian-api-1.1.2.jar;E:\apache-maven-3.9.8\mvn_repo\org\junit\jupiter\junit-jupiter-params\5.11.4\junit-jupiter-params-5.11.4.jar;E:\apache-maven-3.9.8\mvn_repo\org\junit\jupiter\junit-jupiter-engine\5.11.4\junit-jupiter-engine-5.11.4.jar;E:\apache-maven-3.9.8\mvn_repo\org\junit\platform\junit-platform-engine\1.11.4\junit-platform-engine-1.11.4.jar;E:\apache-maven-3.9.8\mvn_repo\org\mockito\mockito-core\5.14.2\mockito-core-5.14.2.jar;E:\apache-maven-3.9.8\mvn_repo\net\bytebuddy\byte-buddy-agent\1.15.11\byte-buddy-agent-1.15.11.jar;E:\apache-maven-3.9.8\mvn_repo\org\objenesis\objenesis\3.3\objenesis-3.3.jar;E:\apache-maven-3.9.8\mvn_repo\org\mockito\mockito-junit-jupiter\5.14.2\mockito-junit-jupiter-5.14.2.jar;E:\apache-maven-3.9.8\mvn_repo\org\skyscreamer\jsonassert\1.5.3\jsonassert-1.5.3.jar;E:\apache-maven-3.9.8\mvn_repo\com\vaadin\external\google\android-json\0.0.20131108.vaadin1\android-json-0.0.20131108.vaadin1.jar;E:\apache-maven-3.9.8\mvn_repo\org\springframework\spring-test\6.2.5\spring-test-6.2.5.jar;E:\apache-maven-3.9.8\mvn_repo\org\xmlunit\xmlunit-core\2.10.0\xmlunit-core-2.10.0.jar;"/>
    <property name="sun.cpu.endian" value="little"/>
    <property name="user.home" value="C:\Users\15809"/>
    <property name="user.language" value="zh"/>
    <property name="java.specification.vendor" value="Oracle Corporation"/>
    <property name="java.version.date" value="2024-07-16"/>
    <property name="java.home" value="E:\jdk17.0.12"/>
    <property name="file.separator" value="\"/>
    <property name="basedir" value="C:\Users\15809\Desktop\study_for_test\demo"/>
    <property name="java.vm.compressedOopsMode" value="Zero based"/>
    <property name="line.separator" value="&#10;"/>
    <property name="java.vm.specification.vendor" value="Oracle Corporation"/>
    <property name="java.specification.name" value="Java Platform API Specification"/>
    <property name="FILE_LOG_CHARSET" value="UTF-8"/>
    <property name="java.awt.headless" value="true"/>
    <property name="surefire.real.class.path" value="C:\Users\15809\AppData\Local\Temp\surefire17484055628792372037\surefirebooter-20250328193650449_3.jar"/>
    <property name="user.script" value=""/>
    <property name="sun.management.compiler" value="HotSpot 64-Bit Tiered Compilers"/>
    <property name="java.runtime.version" value="17.0.12+8-LTS-286"/>
    <property name="user.name" value="15809"/>
    <property name="path.separator" value=";"/>
    <property name="os.version" value="10.0"/>
    <property name="java.runtime.name" value="Java(TM) SE Runtime Environment"/>
    <property name="file.encoding" value="UTF-8"/>
    <property name="java.vm.name" value="Java HotSpot(TM) 64-Bit Server VM"/>
    <property name="localRepository" value="E:\apache-maven-3.9.8\mvn_repo"/>
    <property name="java.vendor.url.bug" value="https://bugreport.java.com/bugreport/"/>
    <property name="java.io.tmpdir" value="C:\Users\15809\AppData\Local\Temp\"/>
    <property name="java.version" value="17.0.12"/>
    <property name="user.dir" value="C:\Users\15809\Desktop\study_for_test\demo"/>
    <property name="os.arch" value="amd64"/>
    <property name="java.vm.specification.name" value="Java Virtual Machine Specification"/>
    <property name="PID" value="21172"/>
    <property name="sun.os.patch.level" value=""/>
    <property name="CONSOLE_LOG_CHARSET" value="UTF-8"/>
    <property name="native.encoding" value="GBK"/>
    <property name="java.library.path" value="E:\jdk17.0.12\bin;C:\Windows\Sun\Java\bin;C:\Windows\system32;C:\Windows;C:\Program Files\Microsoft MPI\Bin\;C:\Program Files\Common Files\Oracle\Java\javapath;E:\VMware Workstation 17  Pro\bin\;C:\Windows\system32;C:\Windows;C:\Windows\System32\Wbem;C:\Windows\System32\WindowsPowerShell\v1.0\;C:\Windows\System32\OpenSSH\;C:\Program Files (x86)\NVIDIA Corporation\PhysX\Common;E:\jdk17.0.12\bin;C:\Users\15809\eclipse\java-2018-12\eclipse\jre\bin\javaw.exe;C:\Program Files\mysql-8.0.25-winx64\bin;C:\ProgramData\chocolatey\bin;E:\apache-tomcat-10.1.28\bin\;E:\apache-maven-3.9.8\bin;D:\allpairs;D:\python\Scripts;D:\apache-jmeter-5.4.1\bin;C:\Program Files\Pandoc\;D:\allure-2.12.1\bin;D:\android-sdk-windows\tools;D:\android-sdk-windows\platform-tools;D:\Git\cmd;E:\jdk17.0.12\jre\bin;E:\nvm;E:\nvmSymlink;E:\nvm\npm\node_global;E:\apache-tomcat-10.1.28\bin;E:\apache-tomcat-10.1.28\lib;E:\Program Files (x86)\Microsoft SQL Server\160\Tools\Binn\;E:\Program Files\Microsoft SQL Server\160\Tools\Binn\;E:\Program Files\Microsoft SQL Server\Client SDK\ODBC\170\Tools\Binn\;E:\Program Files\Microsoft SQL Server\160\DTS\Binn\;E:\Program Files (x86)\Microsoft SQL Server\160\DTS\Binn\;C:\Program Files\NVIDIA Corporation\NVIDIA app\NvDLISR;D:\python\Scripts\;D:\python\;C:\Users\15809\AppData\Local\Microsoft\WindowsApps;D:\PyCharm Community Edition 2020.1\bin;;C:\Program Files\mysql-8.0.25-winx64\bin;E:\IntelliJ IDEA 2024.2\bin;;D:\PyCharm 2021.2.2\bin;;D:\IntelliJ IDEA Educational Edition 2021.2.2\bin;;E:\Microsoft VS Code\bin;E:\nvm;E:\nvmSymlink;."/>
    <property name="java.vm.info" value="mixed mode, sharing"/>
    <property name="java.vendor" value="Oracle Corporation"/>
    <property name="java.vm.version" value="17.0.12+8-LTS-286"/>
    <property name="sun.io.unicode.encoding" value="UnicodeLittle"/>
    <property name="java.class.version" value="61.0"/>
    <property name="LOGGED_APPLICATION_NAME" value="[demo] "/>
  </properties>
  <testcase name="contextLoads" classname="com.example.demo.DemoApplicationTests" time="0.832">
    <system-out><![CDATA[19:36:51.171 [main] INFO org.springframework.test.context.support.AnnotationConfigContextLoaderUtils -- Could not detect default configuration classes for test class [com.example.demo.DemoApplicationTests]: DemoApplicationTests does not declare any static, non-private, non-final, nested classes annotated with @Configuration.
19:36:51.280 [main] INFO org.springframework.boot.test.context.SpringBootTestContextBootstrapper -- Found @SpringBootConfiguration com.example.demo.DemoApplication for test class com.example.demo.DemoApplicationTests

  .   ____          _            __ _ _
 /\\ / ___'_ __ _ _(_)_ __  __ _ \ \ \ \
( ( )\___ | '_ | '_| | '_ \/ _` | \ \ \ \
 \\/  ___)| |_)| | | | | || (_| |  ) ) ) )
  '  |____| .__|_| |_|_| |_\__, | / / / /
 =========|_|==============|___/=/_/_/_/

 :: Spring Boot ::                (v3.4.4)

2025-03-28T19:36:51.729+08:00  INFO 21172 --- [demo] [           main] com.example.demo.DemoApplicationTests    : Starting DemoApplicationTests using Java 17.0.12 with PID 21172 (started by 15809 in C:\Users\15809\Desktop\study_for_test\demo)
2025-03-28T19:36:51.730+08:00  INFO 21172 --- [demo] [           main] com.example.demo.DemoApplicationTests    : No active profile set, falling back to 1 default profile: "default"
2025-03-28T19:36:52.116+08:00  INFO 21172 --- [demo] [           main] com.example.demo.DemoApplicationTests    : Started DemoApplicationTests in 0.671 seconds (process running for 1.544)
]]></system-out>
  </testcase>
</testsuite>